*** Using Compiler 'V5.06 update 6 (build 750)', folder: 'D:\Keil5\ARM\ARMCC\Bin'
Rebuild target 'Target 1'
assembling startup_stm32f10x_hd.s...
compiling stm32f10x_crc.c...
compiling core_cm3.c...
compiling stm32f10x_dac.c...
compiling misc.c...
compiling stm32f10x_dbgmcu.c...
compiling stm32f10x_bkp.c...
compiling system_stm32f10x.c...
compiling stm32f10x_adc.c...
compiling stm32f10x_can.c...
compiling stm32f10x_cec.c...
compiling stm32f10x_dma.c...
compiling stm32f10x_i2c.c...
compiling stm32f10x_flash.c...
compiling stm32f10x_pwr.c...
compiling stm32f10x_exti.c...
compiling stm32f10x_iwdg.c...
compiling stm32f10x_gpio.c...
compiling stm32f10x_fsmc.c...
compiling stm32f10x_rtc.c...
compiling stm32f10x_rcc.c...
compiling stm32f10x_sdio.c...
compiling stm32f10x_spi.c...
compiling stm32f10x_wwdg.c...
compiling setSysClk.c...
compiling stm32f10x_it.c...
compiling SysTick.c...
compiling stm32f10x_usart.c...
compiling USART.c...
compiling i2c.c...
compiling main.c...
compiling exti.c...
compiling TIM.c...
compiling stm32f10x_tim.c...
compiling bsd_tftlcd.c...
compiling system.c...
compiling beep.c...
compiling LED.c...
compiling ADC.c...
compiling EEPROM_AT24C02.c...
compiling animations.c...
compiling Button.c...
compiling RTC.c...
compiling tftlcd.c...
linking...
Program Size: Code=16112 RO-data=2644 RW-data=51476 ZI-data=1996  
FromELF: creating hex file...
".\Objects\template.axf" - 0 Error(s), 0 Warning(s).
Build Time Elapsed:  00:00:04
